#-----------------------------------------------------------
# Vivado v2013.3 (64-bit)
# SW Build 329390 on Wed Oct 16 18:26:55 MDT 2013
# IP Build 192953 on Wed Oct 16 08:44:02 MDT 2013
# Start of session at: Mon Jun  2 08:56:25 2014
# Process ID: 3832
# Log file: /home/vladimir/Z/zedboard/final_dma/vivado.log
# Journal file: /home/vladimir/Z/zedboard/final_dma/vivado.jou
#-----------------------------------------------------------
INFO: [Common 17-78] Attempting to get a license: Implementation
INFO: [Common 17-86] Your Implementation license expires in 29 day(s)
INFO: [Common 17-81] Feature available: Implementation
INFO: [Device 21-36] Loading parts and site information from /opt/Xilinx/Vivado/2013.3/data/parts/arch.xml
Parsing RTL primitives file [/opt/Xilinx/Vivado/2013.3/data/parts/xilinx/rtl/prims/rtl_prims.xml]
Finished parsing RTL primitives file [/opt/Xilinx/Vivado/2013.3/data/parts/xilinx/rtl/prims/rtl_prims.xml]
start_gui
open_project /home/vladimir/Z/zedboard/final_dma/testDMA.xpr
INFO: [Project 1-313] Project file moved from '/home/chupa/WORK/testDMA3work' since last save.
Scanning sources...
Finished scanning sources
INFO: [IP_Flow 19-234] Refreshing IP repositories
INFO: [IP_Flow 19-1700] Loaded user repository '/home/vladimir/Z/zedboard/final_dma/IPCore/init_dma_5.0'.
INFO: [IP_Flow 19-1700] Loaded user repository '/home/vladimir/Z/zedboard/final_dma/IPCore'.
INFO: [IP_Flow 19-2313] Loaded Vivado repository '/opt/Xilinx/Vivado/2013.3/data/ip'.
INFO: [IP_Flow 19-1663] Duplicate IP found for 'xilinx.com:user:init_dma:5.0'. The one found in repository '/home/vladimir/Z/zedboard/final_dma/IPCore/init_dma_5.0' will take precedence over the same IP in repository '/home/vladimir/Z/zedboard/final_dma/IPCore'.
open_project: Time (s): cpu = 00:00:17 ; elapsed = 00:00:09 . Memory (MB): peak = 4572.887 ; gain = 170.484
open_bd_design {/home/vladimir/Z/zedboard/final_dma/testDMA.srcs/sources_1/bd/testDMA/testDMA.bd}
Adding component instance block -- xilinx.com:ip:processing_system7:5.3 - processing_system7_0
Adding component instance block -- xilinx.com:ip:axi_dma:7.1 - axi_dma_0
Adding component instance block -- xilinx.com:ip:proc_sys_reset:5.0 - proc_sys_reset
Adding component instance block -- xilinx.com:ip:axis_data_fifo:1.1 - axis_data_fifo_0
Adding component instance block -- xilinx.com:user:def_stream:1.0 - def_stream_0
Adding component instance block -- omega.local:user:ADC_emul:1.0 - ADC_emul_0
Adding component instance block -- xilinx.com:ip:axi_data_fifo:2.1 - axi_data_fifo_0
WARNING: [BD 41-434] Could not find an IP with XCI file by name: testDMA_axi_data_fifo_0_1 
Adding component instance block -- xilinx.com:user:init_dma:5.0 - init_dma_0
Adding component instance block -- xilinx.com:ip:axi_crossbar:2.1 - xbar
Adding component instance block -- xilinx.com:ip:axi_protocol_converter:2.1 - auto_pc
WARNING: [BD 41-434] Could not find an IP with XCI file by name: testDMA_auto_pc_984 
Adding component instance block -- xilinx.com:ip:axi_dwidth_converter:2.1 - auto_us
WARNING: [BD 41-434] Could not find an IP with XCI file by name: testDMA_auto_us_873 
Adding component instance block -- xilinx.com:ip:axi_crossbar:2.1 - xbar
Adding component instance block -- xilinx.com:ip:axi_dwidth_converter:2.1 - auto_ds
WARNING: [BD 41-434] Could not find an IP with XCI file by name: testDMA_auto_ds_870 
Adding component instance block -- xilinx.com:ip:axi_protocol_converter:2.1 - auto_pc
WARNING: [BD 41-434] Could not find an IP with XCI file by name: testDMA_auto_pc_981 
Adding component instance block -- xilinx.com:ip:axi_dwidth_converter:2.1 - auto_ds
WARNING: [BD 41-434] Could not find an IP with XCI file by name: testDMA_auto_ds_869 
Adding component instance block -- xilinx.com:ip:axi_protocol_converter:2.1 - auto_pc
WARNING: [BD 41-434] Could not find an IP with XCI file by name: testDMA_auto_pc_980 
Adding component instance block -- xilinx.com:ip:axi_dwidth_converter:2.1 - auto_ds
WARNING: [BD 41-434] Could not find an IP with XCI file by name: testDMA_auto_ds_868 
Adding component instance block -- xilinx.com:ip:axi_protocol_converter:2.1 - auto_pc
WARNING: [BD 41-434] Could not find an IP with XCI file by name: testDMA_auto_pc_979 
Adding component instance block -- xilinx.com:ip:axi_protocol_converter:2.1 - auto_pc
WARNING: [BD 41-434] Could not find an IP with XCI file by name: testDMA_auto_pc_983 
Adding component instance block -- xilinx.com:ip:axi_dwidth_converter:2.1 - auto_us
WARNING: [BD 41-434] Could not find an IP with XCI file by name: testDMA_auto_us_872 
Adding component instance block -- xilinx.com:ip:axi_protocol_converter:2.1 - auto_pc
WARNING: [BD 41-434] Could not find an IP with XCI file by name: testDMA_auto_pc_982 
Adding component instance block -- xilinx.com:ip:axi_dwidth_converter:2.1 - auto_us
WARNING: [BD 41-434] Could not find an IP with XCI file by name: testDMA_auto_us_871 
Successfully read diagram <testDMA> from BD file </home/vladimir/Z/zedboard/final_dma/testDMA.srcs/sources_1/bd/testDMA/testDMA.bd>
INFO: [BD 41-433] 
Design successfully migrated to use XCI files...
Wrote  : </home/vladimir/Z/zedboard/final_dma/testDMA.srcs/sources_1/bd/testDMA/testDMA.bd> 
open_bd_design: Time (s): cpu = 00:00:31 ; elapsed = 00:00:20 . Memory (MB): peak = 4759.844 ; gain = 138.387
ipx::edit_ip_in_project -upgrade true -name {edit_ip} -directory {/home/vladimir/Z/zedboard/final_dma/IPCore/init_dma_5.0} {/home/vladimir/Z/zedboard/final_dma/IPCore/init_dma_5.0/component.xml}
Scanning sources...
Finished scanning sources
INFO: [IP_Flow 19-234] Refreshing IP repositories
INFO: [IP_Flow 19-1700] Loaded user repository '/home/vladimir/Z/zedboard/final_dma/IPCore/init_dma_5.0'.
INFO: [IP_Flow 19-1700] Loaded user repository '/home/vladimir/Z/zedboard/final_dma/IPCore/Emul'.
INFO: [IP_Flow 19-1700] Loaded user repository '/home/vladimir/Z/zedboard/final_dma/IPCore/init_dma_v4_4.0'.
INFO: [IP_Flow 19-1700] Loaded user repository '/home/vladimir/Z/zedboard/final_dma/IPCore'.
WARNING: [IP_Flow 19-3299] If you move the project, the path for repository '/home/vladimir/Z/zedboard/final_dma/IPCore' may become invalid. A better location for the repository would be in a path adjacent to the project.
INFO: [IP_Flow 19-2313] Loaded Vivado repository '/opt/Xilinx/Vivado/2013.3/data/ip'.
INFO: [IP_Flow 19-1663] Duplicate IP found for 'omega.local:user:ADC_emul:1.0'. The one found in repository '/home/vladimir/Z/zedboard/final_dma/IPCore/Emul' will take precedence over the same IP in repository '/home/vladimir/Z/zedboard/final_dma/IPCore'.
INFO: [IP_Flow 19-1663] Duplicate IP found for 'xilinx.com:user:init_dma:5.0'. The one found in repository '/home/vladimir/Z/zedboard/final_dma/IPCore/init_dma_5.0' will take precedence over the same IP in repository '/home/vladimir/Z/zedboard/final_dma/IPCore'.
INFO: [IP_Flow 19-1663] Duplicate IP found for 'xilinx.com:user:init_dma_v4:4.0'. The one found in repository '/home/vladimir/Z/zedboard/final_dma/IPCore/init_dma_v4_4.0' will take precedence over the same IP in repository '/home/vladimir/Z/zedboard/final_dma/IPCore'.
ipx::edit_ip_in_project: Time (s): cpu = 00:00:10 ; elapsed = 00:00:08 . Memory (MB): peak = 4794.180 ; gain = 34.336
ipx::merge_project_changes ports [ipx::current_core]
INFO: [IP_Flow 19-2418] Expression "((C_S00_AXI_DATA_WIDTH / 8) - 1)": Will not convert operator '/' to XPATH 'div' to allow integer division if applicable.
INFO: [IP_Flow 19-2418] Expression "((C_S01_AXI_DATA_WIDTH / 8) - 1)": Will not convert operator '/' to XPATH 'div' to allow integer division if applicable.
INFO: [IP_Flow 19-2418] Expression "((C_M00_AXI_DATA_WIDTH / 8) - 1)": Will not convert operator '/' to XPATH 'div' to allow integer division if applicable.
INFO: [IP_Flow 19-2418] Expression "((C_M01_AXI_DATA_WIDTH / 8) - 1)": Will not convert operator '/' to XPATH 'div' to allow integer division if applicable.
ipx::remove_port {PL_LEN_REF} [ipx::current_core]
ipx::remove_port {PL_START_CAPTURES} [ipx::current_core]
ipx::remove_port {PS_START_CAPTURES} [ipx::current_core]
ipx::remove_port {PS_DDR_ADDR_BUF} [ipx::current_core]
ipx::remove_port {PL_DDR_ADDR_BUF} [ipx::current_core]
ipx::update_ip_instances
INFO: [IP_Flow 19-234] Refreshing IP repositories
INFO: [IP_Flow 19-1700] Loaded user repository '/home/vladimir/Z/zedboard/final_dma/IPCore/init_dma_5.0'.
INFO: [IP_Flow 19-1700] Loaded user repository '/home/vladimir/Z/zedboard/final_dma/IPCore'.
INFO: [IP_Flow 19-1663] Duplicate IP found for 'xilinx.com:user:init_dma:5.0'. The one found in repository '/home/vladimir/Z/zedboard/final_dma/IPCore/init_dma_5.0' will take precedence over the same IP in repository '/home/vladimir/Z/zedboard/final_dma/IPCore'.
INFO: [IP_Flow 19-3422] Upgraded testDMA_init_dma_0_1 (init_dma_v5_0 5.0) from revision 39 to revision 40
WARNING: [IP_Flow 19-3298] Detected external port differences while upgrading IP 'testDMA_init_dma_0_1'. These changes may impact your design.
INFO: [IP_Flow 19-3471] Wrote upgrade log to '/home/vladimir/Z/zedboard/final_dma/testDMA.srcs/sources_1/bd/testDMA/ip/testDMA_init_dma_0_1/testDMA_init_dma_0_1.upgrade_log'.
Wrote  : </home/vladimir/Z/zedboard/final_dma/testDMA.srcs/sources_1/bd/testDMA/testDMA.bd> 
upgrade_bd_cells: Time (s): cpu = 00:00:10 ; elapsed = 00:00:09 . Memory (MB): peak = 4809.199 ; gain = 0.000
ipx::update_ip_instances: Time (s): cpu = 00:00:14 ; elapsed = 00:00:12 . Memory (MB): peak = 4809.199 ; gain = 0.000
create_peripheral {xilinx.com} {user} {myip} {6.0} -dir {/home/vladimir/Z/zedboard/final_dma/IPCore}
add_peripheral_interface {S00_AXI} -interface_mode {slave} -axi_type {lite} [ipx::find_open_core xilinx.com:user:myip:6.0]
ipx::get_bus_parameter  {DATA_WIDTH} [ipx::get_bus_interface S00_AXI [ipx::find_open_core xilinx.com:user:myip:6.0]]
set_property VALUE {32} [ipx::get_bus_parameter DATA_WIDTH [ipx::get_bus_interface S00_AXI [ipx::find_open_core xilinx.com:user:myip:6.0]]]
ipx::get_bus_parameter  {NUM_REG} [ipx::get_bus_interface S00_AXI [ipx::find_open_core xilinx.com:user:myip:6.0]]
set_property VALUE {32} [ipx::get_bus_parameter NUM_REG [ipx::get_bus_interface S00_AXI [ipx::find_open_core xilinx.com:user:myip:6.0]]]
add_peripheral_interface {S01_AXI} -interface_mode {slave} -axi_type {lite} [ipx::find_open_core xilinx.com:user:myip:6.0]
ipx::get_bus_parameter  {DATA_WIDTH} [ipx::get_bus_interface S01_AXI [ipx::find_open_core xilinx.com:user:myip:6.0]]
set_property VALUE {32} [ipx::get_bus_parameter DATA_WIDTH [ipx::get_bus_interface S01_AXI [ipx::find_open_core xilinx.com:user:myip:6.0]]]
ipx::get_bus_parameter  {NUM_REG} [ipx::get_bus_interface S01_AXI [ipx::find_open_core xilinx.com:user:myip:6.0]]
set_property VALUE {512} [ipx::get_bus_parameter NUM_REG [ipx::get_bus_interface S01_AXI [ipx::find_open_core xilinx.com:user:myip:6.0]]]
add_peripheral_interface {M00_AXI} -interface_mode {master} -axi_type {lite} [ipx::find_open_core xilinx.com:user:myip:6.0]
ipx::get_bus_parameter  {DATA_WIDTH} [ipx::get_bus_interface M00_AXI [ipx::find_open_core xilinx.com:user:myip:6.0]]
set_property VALUE {32} [ipx::get_bus_parameter DATA_WIDTH [ipx::get_bus_interface M00_AXI [ipx::find_open_core xilinx.com:user:myip:6.0]]]
generate_peripheral [ipx::find_open_core xilinx.com:user:myip:6.0]
write_peripheral [ipx::find_open_core xilinx.com:user:myip:6.0]
set_property ip_repo_paths  {/home/vladimir/Z/zedboard/final_dma/IPCore/myip_6.0 /home/vladimir/Z/zedboard/final_dma/IPCore/init_dma_5.0 /home/vladimir/Z/zedboard/final_dma/IPCore} [current_fileset]
update_ip_catalog -rebuild
INFO: [IP_Flow 19-234] Refreshing IP repositories
INFO: [IP_Flow 19-1700] Loaded user repository '/home/vladimir/Z/zedboard/final_dma/IPCore/myip_6.0'.
INFO: [IP_Flow 19-1700] Loaded user repository '/home/vladimir/Z/zedboard/final_dma/IPCore/init_dma_5.0'.
INFO: [IP_Flow 19-1700] Loaded user repository '/home/vladimir/Z/zedboard/final_dma/IPCore'.
INFO: [IP_Flow 19-1663] Duplicate IP found for 'xilinx.com:user:init_dma:5.0'. The one found in repository '/home/vladimir/Z/zedboard/final_dma/IPCore/init_dma_5.0' will take precedence over the same IP in repository '/home/vladimir/Z/zedboard/final_dma/IPCore'.
INFO: [IP_Flow 19-1663] Duplicate IP found for 'xilinx.com:user:myip:6.0'. The one found in repository '/home/vladimir/Z/zedboard/final_dma/IPCore/myip_6.0' will take precedence over the same IP in repository '/home/vladimir/Z/zedboard/final_dma/IPCore'.
ipx::edit_ip_in_project -upgrade true -name {edit_myip_v6_0} -directory {/home/vladimir/Z/zedboard/final_dma} {/home/vladimir/Z/zedboard/final_dma/IPCore/myip_6.0/component.xml}
INFO: [IP_Flow 19-234] Refreshing IP repositories
INFO: [IP_Flow 19-1700] Loaded user repository '/home/vladimir/Z/zedboard/final_dma/IPCore/myip_6.0'.
INFO: [IP_Flow 19-1700] Loaded user repository '/home/vladimir/Z/zedboard/final_dma/IPCore/init_dma_5.0'.
INFO: [IP_Flow 19-1700] Loaded user repository '/home/vladimir/Z/zedboard/final_dma/IPCore'.
INFO: [IP_Flow 19-2313] Loaded Vivado repository '/opt/Xilinx/Vivado/2013.3/data/ip'.
INFO: [IP_Flow 19-1663] Duplicate IP found for 'xilinx.com:user:init_dma:5.0'. The one found in repository '/home/vladimir/Z/zedboard/final_dma/IPCore/init_dma_5.0' will take precedence over the same IP in repository '/home/vladimir/Z/zedboard/final_dma/IPCore'.
INFO: [IP_Flow 19-1663] Duplicate IP found for 'xilinx.com:user:myip:6.0'. The one found in repository '/home/vladimir/Z/zedboard/final_dma/IPCore/myip_6.0' will take precedence over the same IP in repository '/home/vladimir/Z/zedboard/final_dma/IPCore'.
ipx::edit_ip_in_project: Time (s): cpu = 00:00:04 ; elapsed = 00:00:05 . Memory (MB): peak = 4809.199 ; gain = 0.000
update_compile_order -fileset sources_1
update_compile_order -fileset sim_1
ipx::edit_ip_in_project -upgrade true -name {edit_ip1} -directory {/home/vladimir/Z/zedboard/final_dma/IPCore/init_dma_5.0} {/home/vladimir/Z/zedboard/final_dma/IPCore/init_dma_5.0/component.xml}
INFO: [IP_Flow 19-234] Refreshing IP repositories
INFO: [IP_Flow 19-1700] Loaded user repository '/home/vladimir/Z/zedboard/final_dma/IPCore/myip_6.0'.
INFO: [IP_Flow 19-1700] Loaded user repository '/home/vladimir/Z/zedboard/final_dma/IPCore/init_dma_5.0'.
INFO: [IP_Flow 19-1700] Loaded user repository '/home/vladimir/Z/zedboard/final_dma/IPCore'.
WARNING: [IP_Flow 19-3299] If you move the project, the path for repository '/home/vladimir/Z/zedboard/final_dma/IPCore' may become invalid. A better location for the repository would be in a path adjacent to the project.
INFO: [IP_Flow 19-2313] Loaded Vivado repository '/opt/Xilinx/Vivado/2013.3/data/ip'.
INFO: [IP_Flow 19-1663] Duplicate IP found for 'xilinx.com:user:init_dma:5.0'. The one found in repository '/home/vladimir/Z/zedboard/final_dma/IPCore/init_dma_5.0' will take precedence over the same IP in repository '/home/vladimir/Z/zedboard/final_dma/IPCore'.
INFO: [IP_Flow 19-1663] Duplicate IP found for 'xilinx.com:user:myip:6.0'. The one found in repository '/home/vladimir/Z/zedboard/final_dma/IPCore/myip_6.0' will take precedence over the same IP in repository '/home/vladimir/Z/zedboard/final_dma/IPCore'.
ipx::edit_ip_in_project: Time (s): cpu = 00:00:07 ; elapsed = 00:00:05 . Memory (MB): peak = 4809.199 ; gain = 0.000
update_compile_order -fileset sources_1
update_compile_order -fileset sim_1
set_property name {init_dma} [ipx::find_open_core xilinx.com:user:myip:6.0]
current_project edit_myip_v6_0
current_project edit_ip1
current_project edit_myip_v6_0
current_project edit_ip1
current_project edit_myip_v6_0
current_project edit_ip1
current_project edit_myip_v6_0
ipx::current_core {/home/vladimir/Z/zedboard/final_dma/IPCore/myip_6.0/component.xml}
ipx::merge_project_changes ports [ipx::current_core]
INFO: [IP_Flow 19-2418] Expression "((C_S00_AXI_DATA_WIDTH / 8) - 1)": Will not convert operator '/' to XPATH 'div' to allow integer division if applicable.
INFO: [IP_Flow 19-2418] Expression "((C_S01_AXI_DATA_WIDTH / 8) - 1)": Will not convert operator '/' to XPATH 'div' to allow integer division if applicable.
INFO: [IP_Flow 19-2418] Expression "((C_M00_AXI_DATA_WIDTH / 8) - 1)": Will not convert operator '/' to XPATH 'div' to allow integer division if applicable.
ipx::remove_port {PL_DDR_ADDR_BUF} [ipx::current_core]
ipx::remove_port {PS_DDR_ADDR_BUF} [ipx::current_core]
ipx::remove_port {PL_LEN_REF} [ipx::current_core]
ipx::remove_port {PL_START_CAPTURES} [ipx::current_core]
ipx::remove_port {PS_START_CAPTURES} [ipx::current_core]
ipx::update_ip_instances
INFO: [IP_Flow 19-234] Refreshing IP repositories
INFO: [IP_Flow 19-1700] Loaded user repository '/home/vladimir/Z/zedboard/final_dma/IPCore/myip_6.0'.
INFO: [IP_Flow 19-1700] Loaded user repository '/home/vladimir/Z/zedboard/final_dma/IPCore/init_dma_5.0'.
INFO: [IP_Flow 19-1700] Loaded user repository '/home/vladimir/Z/zedboard/final_dma/IPCore'.
WARNING: [IP_Flow 19-3299] If you move the project, the path for repository '/home/vladimir/Z/zedboard/final_dma/IPCore' may become invalid. A better location for the repository would be in a path adjacent to the project.
INFO: [IP_Flow 19-1663] Duplicate IP found for 'xilinx.com:user:init_dma:6.0'. The one found in repository '/home/vladimir/Z/zedboard/final_dma/IPCore/myip_6.0' will take precedence over the same IP in repository '/home/vladimir/Z/zedboard/final_dma/IPCore'.
startgroup
current_project testDMA
create_bd_cell -type ip -vlnv xilinx.com:user:myip:6.0 myip_0
endgroup
set_property location {2 836 1664} [get_bd_cells myip_0]
ipx::edit_ip_in_project -upgrade true -name {edit_ip} -directory {/home/vladimir/Z/zedboard/final_dma/IPCore/myip_6.0} {/home/vladimir/Z/zedboard/final_dma/IPCore/myip_6.0/component.xml}
INFO: [IP_Flow 19-234] Refreshing IP repositories
INFO: [IP_Flow 19-1700] Loaded user repository '/home/vladimir/Z/zedboard/final_dma/IPCore/myip_6.0'.
INFO: [IP_Flow 19-1700] Loaded user repository '/home/vladimir/Z/zedboard/final_dma/IPCore/init_dma_5.0'.
INFO: [IP_Flow 19-1700] Loaded user repository '/home/vladimir/Z/zedboard/final_dma/IPCore'.
WARNING: [IP_Flow 19-3299] If you move the project, the path for repository '/home/vladimir/Z/zedboard/final_dma/IPCore' may become invalid. A better location for the repository would be in a path adjacent to the project.
INFO: [IP_Flow 19-2313] Loaded Vivado repository '/opt/Xilinx/Vivado/2013.3/data/ip'.
INFO: [IP_Flow 19-1663] Duplicate IP found for 'xilinx.com:user:init_dma:6.0'. The one found in repository '/home/vladimir/Z/zedboard/final_dma/IPCore/myip_6.0' will take precedence over the same IP in repository '/home/vladimir/Z/zedboard/final_dma/IPCore'.
ipx::edit_ip_in_project: Time (s): cpu = 00:00:05 ; elapsed = 00:00:05 . Memory (MB): peak = 4845.090 ; gain = 0.000
update_compile_order -fileset sources_1
update_compile_order -fileset sim_1
WARNING: [IP_Flow 19-465] param 'C_M00_AXI_START_DATA_VALUE' already exists. Ignoring.
WARNING: [IP_Flow 19-465] param 'C_M00_AXI_TARGET_SLAVE_BASE_ADDR' already exists. Ignoring.
WARNING: [IP_Flow 19-465] param 'C_M00_AXI_TRANSACTIONS_NUM' already exists. Ignoring.
