#-----------------------------------------------------------
# Vivado v2013.3 (64-bit)
# SW Build 329390 on Wed Oct 16 18:26:55 MDT 2013
# IP Build 192953 on Wed Oct 16 08:44:02 MDT 2013
# Start of session at: Fri May 23 11:32:33 2014
# Process ID: 31491
# Log file: /home/vladimir/Z/zedboard/final_dma/vivado.log
# Journal file: /home/vladimir/Z/zedboard/final_dma/vivado.jou
#-----------------------------------------------------------
INFO: [Common 17-78] Attempting to get a license: Implementation
WARNING: [Common 17-301] Failed to get a license: Implementation
WARNING: [Vivado 15-19] WARNING: No 'Implementation' license found. This message may be safely ignored if a Vivado WebPACK or device-locked license, common for board kits, will be used during implementation.

INFO: [Common 17-78] Attempting to get a license: Synthesis
WARNING: [Common 17-301] Failed to get a license: Synthesis
INFO: [Device 21-36] Loading parts and site information from /opt/Xilinx/Vivado/2013.3/data/parts/arch.xml
Parsing RTL primitives file [/opt/Xilinx/Vivado/2013.3/data/parts/xilinx/rtl/prims/rtl_prims.xml]
Finished parsing RTL primitives file [/opt/Xilinx/Vivado/2013.3/data/parts/xilinx/rtl/prims/rtl_prims.xml]
start_gui
WARNING: [Vivado 15-19] WARNING: No 'Implementation' license found. This message may be safely ignored if a Vivado WebPACK or device-locked license, common for board kits, will be used during implementation.

open_project /home/vladimir/Z/zedboard/final_dma/testDMA.xpr
INFO: [Project 1-313] Project file moved from '/home/chupa/WORK/testDMA3work' since last save.
Scanning sources...
Finished scanning sources
INFO: [IP_Flow 19-234] Refreshing IP repositories
INFO: [IP_Flow 19-1700] Loaded user repository '/home/vladimir/Z/zedboard/final_dma/IPCore/Emul'.
INFO: [IP_Flow 19-1700] Loaded user repository '/home/vladimir/Z/zedboard/final_dma/IPCore/init_dma_v4_4.0'.
INFO: [IP_Flow 19-1700] Loaded user repository '/home/vladimir/Z/zedboard/final_dma/IPCore'.
INFO: [IP_Flow 19-2313] Loaded Vivado repository '/opt/Xilinx/Vivado/2013.3/data/ip'.
INFO: [IP_Flow 19-1663] Duplicate IP found for 'omega.local:user:ADC_emul:1.0'. The one found in repository '/home/vladimir/Z/zedboard/final_dma/IPCore/Emul' will take precedence over the same IP in repository '/home/vladimir/Z/zedboard/final_dma/IPCore'.
INFO: [IP_Flow 19-1663] Duplicate IP found for 'xilinx.com:user:init_dma_v4:4.0'. The one found in repository '/home/vladimir/Z/zedboard/final_dma/IPCore/init_dma_v4_4.0' will take precedence over the same IP in repository '/home/vladimir/Z/zedboard/final_dma/IPCore'.
open_project: Time (s): cpu = 00:00:18 ; elapsed = 00:00:10 . Memory (MB): peak = 4573.785 ; gain = 166.359
open_bd_design {/home/vladimir/Z/zedboard/final_dma/testDMA.srcs/sources_1/bd/testDMA/testDMA.bd}
Adding component instance block -- xilinx.com:ip:processing_system7:5.3 - processing_system7_0
Adding component instance block -- xilinx.com:ip:axi_dma:7.1 - axi_dma_0
Adding component instance block -- xilinx.com:ip:proc_sys_reset:5.0 - proc_sys_reset
Adding component instance block -- xilinx.com:ip:axis_data_fifo:1.1 - axis_data_fifo_0
Adding component instance block -- xilinx.com:user:def_stream:1.0 - def_stream_0
Adding component instance block -- xilinx.com:user:init_dma_v4:4.0 - init_dma_v4_0
Adding component instance block -- omega.local:user:ADC_emul:1.0 - ADC_emul_0
Adding component instance block -- xilinx.com:ip:axi_crossbar:2.1 - xbar
Adding component instance block -- xilinx.com:ip:axi_protocol_converter:2.1 - auto_pc
WARNING: [BD 41-434] Could not find an IP with XCI file by name: testDMA_auto_pc_782 
Adding component instance block -- xilinx.com:ip:axi_dwidth_converter:2.1 - auto_us
WARNING: [BD 41-434] Could not find an IP with XCI file by name: testDMA_auto_us_677 
Adding component instance block -- xilinx.com:ip:axi_crossbar:2.1 - xbar
Adding component instance block -- xilinx.com:ip:axi_dwidth_converter:2.1 - auto_ds
WARNING: [BD 41-434] Could not find an IP with XCI file by name: testDMA_auto_ds_674 
Adding component instance block -- xilinx.com:ip:axi_protocol_converter:2.1 - auto_pc
WARNING: [BD 41-434] Could not find an IP with XCI file by name: testDMA_auto_pc_779 
Adding component instance block -- xilinx.com:ip:axi_dwidth_converter:2.1 - auto_ds
WARNING: [BD 41-434] Could not find an IP with XCI file by name: testDMA_auto_ds_673 
Adding component instance block -- xilinx.com:ip:axi_protocol_converter:2.1 - auto_pc
WARNING: [BD 41-434] Could not find an IP with XCI file by name: testDMA_auto_pc_778 
Adding component instance block -- xilinx.com:ip:axi_dwidth_converter:2.1 - auto_ds
WARNING: [BD 41-434] Could not find an IP with XCI file by name: testDMA_auto_ds_672 
Adding component instance block -- xilinx.com:ip:axi_protocol_converter:2.1 - auto_pc
WARNING: [BD 41-434] Could not find an IP with XCI file by name: testDMA_auto_pc_777 
Adding component instance block -- xilinx.com:ip:axi_protocol_converter:2.1 - auto_pc
WARNING: [BD 41-434] Could not find an IP with XCI file by name: testDMA_auto_pc_781 
Adding component instance block -- xilinx.com:ip:axi_dwidth_converter:2.1 - auto_us
WARNING: [BD 41-434] Could not find an IP with XCI file by name: testDMA_auto_us_676 
Adding component instance block -- xilinx.com:ip:axi_protocol_converter:2.1 - auto_pc
WARNING: [BD 41-434] Could not find an IP with XCI file by name: testDMA_auto_pc_780 
Adding component instance block -- xilinx.com:ip:axi_dwidth_converter:2.1 - auto_us
WARNING: [BD 41-434] Could not find an IP with XCI file by name: testDMA_auto_us_675 
Successfully read diagram <testDMA> from BD file </home/vladimir/Z/zedboard/final_dma/testDMA.srcs/sources_1/bd/testDMA/testDMA.bd>
INFO: [BD 41-433] 
Design successfully migrated to use XCI files...
Wrote  : </home/vladimir/Z/zedboard/final_dma/testDMA.srcs/sources_1/bd/testDMA/testDMA.bd> 
open_bd_design: Time (s): cpu = 00:00:27 ; elapsed = 00:00:15 . Memory (MB): peak = 4691.887 ; gain = 69.906
ipx::edit_ip_in_project -upgrade true -name {edit_ip} -directory {/home/vladimir/Z/zedboard/final_dma/IPCore/init_dma_v4_4.0} {/home/vladimir/Z/zedboard/final_dma/IPCore/init_dma_v4_4.0/component.xml}
INFO: [Project 1-313] Project file moved from '/home/vladimir/Z/zedboard/180414stream/newIPCore/init_dma_v4_4.0' since last save.
IP Repository Path: Could not find the directory '/home/vladimir/vladimir/Z/zedboard/testDMA/IPCore/init_dma_v4_4.0'.
IP Repository Path: Could not find the directory '/home/vladimir/Z/WORK!!!!!/testDMA3work/IPCore/init_dma_v4_4.0'.
IP Repository Path: Could not find the directory '/home/chupa/WORK/testDMA3work/IPCore/init_dma_v4_4.0'.
Scanning sources...
Finished scanning sources
INFO: [IP_Flow 19-234] Refreshing IP repositories
INFO: [IP_Flow 19-1700] Loaded user repository '/home/vladimir/Z/zedboard/180414stream/newIPCore/init_dma_v4_4.0'.
INFO: [IP_Flow 19-1700] Loaded user repository '/home/vladimir/Z/zedboard/180414stream/newIPCore'.
INFO: [IP_Flow 19-1700] Loaded user repository '/home/vladimir/Z/zedboard/final_dma/IPCore/def_stream_1.0'.
INFO: [IP_Flow 19-1700] Loaded user repository '/home/vladimir/Z/zedboard/final_dma/IPCore/stracp_1.0'.
INFO: [IP_Flow 19-1700] Loaded user repository '/home/vladimir/Z/zedboard/final_dma/IPCore'.
WARNING: [IP_Flow 19-3299] If you move the project, the path for repository '/home/vladimir/Z/zedboard/final_dma/IPCore' may become invalid. A better location for the repository would be in a path adjacent to the project.
WARNING: [IP_Flow 19-2248] Failed to load user repository '/home/vladimir/vladimir/Z/zedboard/testDMA/IPCore/init_dma_v4_4.0'; Can't find the specified path.
If this directory should no longer be in your list of user repositories, go to the IP Settings dialog and remove it.
WARNING: [IP_Flow 19-2248] Failed to load user repository '/home/vladimir/Z/WORK!!!!!/testDMA3work/IPCore/init_dma_v4_4.0'; Can't find the specified path.
If this directory should no longer be in your list of user repositories, go to the IP Settings dialog and remove it.
WARNING: [IP_Flow 19-2248] Failed to load user repository '/home/chupa/WORK/testDMA3work/IPCore/init_dma_v4_4.0'; Can't find the specified path.
If this directory should no longer be in your list of user repositories, go to the IP Settings dialog and remove it.
INFO: [IP_Flow 19-1700] Loaded user repository '/home/vladimir/Z/zedboard/Final_DMA/IPCore/init_dma_v4_4.0'.
INFO: [IP_Flow 19-1700] Loaded user repository '/home/vladimir/Z/zedboard/final_dma/IPCore/Emul'.
INFO: [IP_Flow 19-1700] Loaded user repository '/home/vladimir/Z/zedboard/final_dma/IPCore/init_dma_v4_4.0'.
INFO: [IP_Flow 19-1700] Loaded user repository '/home/vladimir/Z/zedboard/final_dma/IPCore/init_axi_dma_1.0'.
INFO: [IP_Flow 19-1700] Loaded user repository '/home/vladimir/Z/zedboard/180414stream/newIPCore/def_stream_1.0'.
INFO: [IP_Flow 19-1700] Loaded user repository '/home/vladimir/Z/zedboard/final_dma/IPCore/init_dma_2.0'.
INFO: [IP_Flow 19-1700] Loaded user repository '/home/vladimir/Z/zedboard/final_dma/IPCore/reg_init_1.0'.
INFO: [IP_Flow 19-1700] Loaded user repository '/home/vladimir/Z/zedboard/final_dma/IPCore/acp_1.0'.
INFO: [IP_Flow 19-1700] Loaded user repository '/home/vladimir/Z/zedboard/final_dma/IPCore/init_cdma_1.0'.
INFO: [IP_Flow 19-1700] Loaded user repository '/home/vladimir/260214/IPCore/Emul'.
INFO: [IP_Flow 19-2313] Loaded Vivado repository '/opt/Xilinx/Vivado/2013.3/data/ip'.
INFO: [IP_Flow 19-1663] Duplicate IP found for 'xilinx.com:user:init_dma_v4:4.0'. The one found in repository '/home/vladimir/Z/zedboard/180414stream/newIPCore/init_dma_v4_4.0' will take precedence over the same IP in repository '/home/vladimir/Z/zedboard/180414stream/newIPCore'.
INFO: [IP_Flow 19-1663] Duplicate IP found for 'xilinx.com:user:def_stream:1.0'. The one found in repository '/home/vladimir/Z/zedboard/180414stream/newIPCore' will take precedence over the same IP in repository '/home/vladimir/Z/zedboard/final_dma/IPCore/def_stream_1.0'.
INFO: [IP_Flow 19-1663] Duplicate IP found for 'xilinx.com:user:stracp:1.0'. The one found in repository '/home/vladimir/Z/zedboard/180414stream/newIPCore' will take precedence over the same IP in repository '/home/vladimir/Z/zedboard/final_dma/IPCore/stracp_1.0'.
INFO: [IP_Flow 19-1663] Duplicate IP found for 'omega.local:user:ADC_emul:1.0'. The one found in repository '/home/vladimir/Z/zedboard/180414stream/newIPCore' will take precedence over the same IP in repository '/home/vladimir/Z/zedboard/final_dma/IPCore'.
INFO: [IP_Flow 19-1663] Duplicate IP found for 'xilinx.com:user:reg_status:1.0'. The one found in repository '/home/vladimir/Z/zedboard/180414stream/newIPCore' will take precedence over the same IP in repository '/home/vladimir/Z/zedboard/final_dma/IPCore'.
INFO: [IP_Flow 19-1663] Duplicate IP found for 'xilinx.com:user:stracp:1.0'. The one found in repository '/home/vladimir/Z/zedboard/180414stream/newIPCore' will take precedence over the same IP in repository '/home/vladimir/Z/zedboard/final_dma/IPCore/stracp_1.0'.
INFO: [IP_Flow 19-1663] Duplicate IP found for 'xilinx.com:user:slave_stream:1.0'. The one found in repository '/home/vladimir/Z/zedboard/180414stream/newIPCore' will take precedence over the same IP in repository '/home/vladimir/Z/zedboard/final_dma/IPCore'.
INFO: [IP_Flow 19-1663] Duplicate IP found for 'xilinx.com:user:init_axi_dma:1.0'. The one found in repository '/home/vladimir/Z/zedboard/180414stream/newIPCore' will take precedence over the same IP in repository '/home/vladimir/Z/zedboard/final_dma/IPCore'.
INFO: [IP_Flow 19-1663] Duplicate IP found for 'xilinx.com:user:init_dma_v4:4.0'. The one found in repository '/home/vladimir/Z/zedboard/180414stream/newIPCore/init_dma_v4_4.0' will take precedence over the same IP in repository '/home/vladimir/Z/zedboard/180414stream/newIPCore'.
INFO: [IP_Flow 19-1663] Duplicate IP found for 'xilinx.com:user:acp:1.0'. The one found in repository '/home/vladimir/Z/zedboard/180414stream/newIPCore' will take precedence over the same IP in repository '/home/vladimir/Z/zedboard/final_dma/IPCore'.
INFO: [IP_Flow 19-1663] Duplicate IP found for 'xilinx.com:user:reg_init:1.0'. The one found in repository '/home/vladimir/Z/zedboard/180414stream/newIPCore' will take precedence over the same IP in repository '/home/vladimir/Z/zedboard/final_dma/IPCore'.
INFO: [IP_Flow 19-1663] Duplicate IP found for 'xilinx.com:user:def_stream:1.0'. The one found in repository '/home/vladimir/Z/zedboard/180414stream/newIPCore' will take precedence over the same IP in repository '/home/vladimir/Z/zedboard/final_dma/IPCore/def_stream_1.0'.
INFO: [IP_Flow 19-1663] Duplicate IP found for 'xilinx.com:user:init_cdma:1.0'. The one found in repository '/home/vladimir/Z/zedboard/180414stream/newIPCore' will take precedence over the same IP in repository '/home/vladimir/Z/zedboard/final_dma/IPCore'.
INFO: [IP_Flow 19-1663] Duplicate IP found for 'xilinx.com:user:init_dma:2.0'. The one found in repository '/home/vladimir/Z/zedboard/180414stream/newIPCore' will take precedence over the same IP in repository '/home/vladimir/Z/zedboard/final_dma/IPCore'.
INFO: [IP_Flow 19-1663] Duplicate IP found for 'xilinx.com:user:init_dma_v4:4.0'. The one found in repository '/home/vladimir/Z/zedboard/180414stream/newIPCore/init_dma_v4_4.0' will take precedence over the same IP in repository '/home/vladimir/Z/zedboard/180414stream/newIPCore'.
INFO: [IP_Flow 19-1663] Duplicate IP found for 'omega.local:user:ADC_emul:1.0'. The one found in repository '/home/vladimir/Z/zedboard/180414stream/newIPCore' will take precedence over the same IP in repository '/home/vladimir/Z/zedboard/final_dma/IPCore'.
INFO: [IP_Flow 19-1663] Duplicate IP found for 'xilinx.com:user:init_dma_v4:4.0'. The one found in repository '/home/vladimir/Z/zedboard/180414stream/newIPCore/init_dma_v4_4.0' will take precedence over the same IP in repository '/home/vladimir/Z/zedboard/180414stream/newIPCore'.
INFO: [IP_Flow 19-1663] Duplicate IP found for 'xilinx.com:user:init_axi_dma:1.0'. The one found in repository '/home/vladimir/Z/zedboard/180414stream/newIPCore' will take precedence over the same IP in repository '/home/vladimir/Z/zedboard/final_dma/IPCore'.
INFO: [IP_Flow 19-1663] Duplicate IP found for 'xilinx.com:user:def_stream:1.0'. The one found in repository '/home/vladimir/Z/zedboard/180414stream/newIPCore' will take precedence over the same IP in repository '/home/vladimir/Z/zedboard/final_dma/IPCore/def_stream_1.0'.
INFO: [IP_Flow 19-1663] Duplicate IP found for 'xilinx.com:user:init_dma:2.0'. The one found in repository '/home/vladimir/Z/zedboard/180414stream/newIPCore' will take precedence over the same IP in repository '/home/vladimir/Z/zedboard/final_dma/IPCore'.
INFO: [IP_Flow 19-1663] Duplicate IP found for 'xilinx.com:user:reg_init:1.0'. The one found in repository '/home/vladimir/Z/zedboard/180414stream/newIPCore' will take precedence over the same IP in repository '/home/vladimir/Z/zedboard/final_dma/IPCore'.
INFO: [IP_Flow 19-1663] Duplicate IP found for 'xilinx.com:user:acp:1.0'. The one found in repository '/home/vladimir/Z/zedboard/180414stream/newIPCore' will take precedence over the same IP in repository '/home/vladimir/Z/zedboard/final_dma/IPCore'.
INFO: [IP_Flow 19-1663] Duplicate IP found for 'xilinx.com:user:init_cdma:1.0'. The one found in repository '/home/vladimir/Z/zedboard/180414stream/newIPCore' will take precedence over the same IP in repository '/home/vladimir/Z/zedboard/final_dma/IPCore'.
INFO: [IP_Flow 19-1663] Duplicate IP found for 'omega.local:user:ADC_emul:1.0'. The one found in repository '/home/vladimir/Z/zedboard/180414stream/newIPCore' will take precedence over the same IP in repository '/home/vladimir/Z/zedboard/final_dma/IPCore'.
ipx::edit_ip_in_project: Time (s): cpu = 00:00:08 ; elapsed = 00:00:07 . Memory (MB): peak = 4759.215 ; gain = 23.867
WARNING: [IP_Flow 19-465] param 'C_M00_AXI_START_DATA_VALUE' already exists. Ignoring.
WARNING: [IP_Flow 19-465] param 'C_M00_AXI_TARGET_SLAVE_BASE_ADDR' already exists. Ignoring.
WARNING: [IP_Flow 19-465] param 'C_M00_AXI_TRANSACTIONS_NUM' already exists. Ignoring.
WARNING: [IP_Flow 19-465] param 'C_M01_AXI_START_DATA_VALUE' already exists. Ignoring.
WARNING: [IP_Flow 19-465] param 'C_M01_AXI_TARGET_SLAVE_BASE_ADDR' already exists. Ignoring.
WARNING: [IP_Flow 19-465] param 'C_M01_AXI_TRANSACTIONS_NUM' already exists. Ignoring.
