11:41:23 **** Auto Build of project device-tree_bsp_0 ****
make -k all 
libgen -hw ../hw_platform_0/system.xml\
	       -lp /home/vladimir/Z/zedboard\
	       -pe ps7_cortexa9_0 \
	       -log libgen.log \
	       system.mss
libgen
Xilinx EDK 14.7 Build EDK_P.20131013
Copyright (c) 1995-2012 Xilinx, Inc.  All rights reserved.

Command Line: libgen -hw ../hw_platform_0/system.xml -lp
/home/vladimir/Z/zedboard -pe ps7_cortexa9_0 -log libgen.log system.mss 


Staging source files.
Running DRCs.
#--------------------------------------
# device-tree BSP DRC...
#--------------------------------------
Running generate.
#--------------------------------------
# device-tree BSP generate...
#--------------------------------------
--- device tree generator version: v1.1 ---
generating xilinx.dts
Clock Port Summary:
axi_dma_0.s_axi_lite_aclk connected to processing_system7_0_FCLK_CLK0:
    CLK_FREQ_HZ = 125000000
axi_dma_0.m_axi_s2mm_aclk connected to processing_system7_0_FCLK_CLK0:
    CLK_FREQ_HZ = 125000000
axi_mem_intercon_m00_couplers_auto_pc.aclk connected to
processing_system7_0_FCLK_CLK0:
    CLK_FREQ_HZ = 125000000
axi_mem_intercon_s00_couplers_auto_us.s_axi_aclk connected to
processing_system7_0_FCLK_CLK0:
    CLK_FREQ_HZ = 125000000
axi_mem_intercon_xbar.aclk connected to processing_system7_0_FCLK_CLK0:
    CLK_FREQ_HZ = 125000000
axis_data_fifo_0.s_axis_aclk connected to processing_system7_0_FCLK_CLK0:
    CLK_FREQ_HZ = 125000000
def_stream_0.m00_axis_aclk connected to processing_system7_0_FCLK_CLK0:
    CLK_FREQ_HZ = 125000000
init_dma_1.s01_axi_aclk connected to processing_system7_0_FCLK_CLK0:
    CLK_FREQ_HZ = 125000000
init_dma_1.m00_axi_aclk connected to processing_system7_0_FCLK_CLK0:
    CLK_FREQ_HZ = 125000000
init_dma_1.s00_axi_aclk connected to processing_system7_0_FCLK_CLK0:
    CLK_FREQ_HZ = 125000000
proc_sys_reset.slowest_sync_clk connected to processing_system7_0_FCLK_CLK0:
    CLK_FREQ_HZ = 125000000
processing_system7_0_axi_periph_m00_couplers_auto_ds.s_axi_aclk connected to
processing_system7_0_FCLK_CLK0:
    CLK_FREQ_HZ = 125000000
processing_system7_0_axi_periph_m00_couplers_auto_pc.aclk connected to
processing_system7_0_FCLK_CLK0:
    CLK_FREQ_HZ = 125000000
processing_system7_0_axi_periph_m01_couplers_auto_ds.s_axi_aclk connected to
processing_system7_0_FCLK_CLK0:
    CLK_FREQ_HZ = 125000000
processing_system7_0_axi_periph_m01_couplers_auto_pc.aclk connected to
processing_system7_0_FCLK_CLK0:
    CLK_FREQ_HZ = 125000000
processing_system7_0_axi_periph_m03_couplers_auto_ds.s_axi_aclk connected to
processing_system7_0_FCLK_CLK0:
    CLK_FREQ_HZ = 125000000
processing_system7_0_axi_periph_m03_couplers_auto_pc.aclk connected to
processing_system7_0_FCLK_CLK0:
    CLK_FREQ_HZ = 125000000
processing_system7_0_axi_periph_s00_couplers_auto_pc.aclk connected to
processing_system7_0_FCLK_CLK0:
    CLK_FREQ_HZ = 125000000
processing_system7_0_axi_periph_s00_couplers_auto_us.s_axi_aclk connected to
processing_system7_0_FCLK_CLK0:
    CLK_FREQ_HZ = 125000000
processing_system7_0_axi_periph_s01_couplers_auto_pc.aclk connected to
processing_system7_0_FCLK_CLK0:
    CLK_FREQ_HZ = 125000000
processing_system7_0_axi_periph_s01_couplers_auto_us.s_axi_aclk connected to
processing_system7_0_FCLK_CLK0:
    CLK_FREQ_HZ = 125000000
processing_system7_0_axi_periph_xbar.aclk connected to
processing_system7_0_FCLK_CLK0:
    CLK_FREQ_HZ = 125000000
ps7_uart_1.S_AXI_ACLK connected to ps7_axi_interconnect_0_M_AXI_ACLK:
    CLK_FREQ_HZ = WARNING: no frequency found!
ps7_qspi_0.S_AXI_ACLK connected to ps7_axi_interconnect_0_M_AXI_ACLK:
    CLK_FREQ_HZ = WARNING: no frequency found!
ps7_qspi_linear_0.S_AXI_ACLK connected to ps7_axi_interconnect_0_M_AXI_ACLK:
    CLK_FREQ_HZ = WARNING: no frequency found!
ps7_axi_interconnect_0.M_AXI_ACLK connected to
ps7_axi_interconnect_0_M_AXI_ACLK:
    CLK_FREQ_HZ = WARNING: no frequency found!
ps7_cortexa9_0.M_AXI_DP_ACLK connected to
ps7_axi_interconnect_0_S_AXI_CTRL_ACLK:
    CLK_FREQ_HZ = WARNING: no frequency found!
ps7_cortexa9_1.M_AXI_DP_ACLK connected to
ps7_axi_interconnect_0_S_AXI_CTRL_ACLK:
    CLK_FREQ_HZ = WARNING: no frequency found!
ps7_ddr_0.S_AXI_ACLK connected to ps7_axi_interconnect_0_M_AXI_ACLK:
    CLK_FREQ_HZ = WARNING: no frequency found!
ps7_ethernet_0.S_AXI_ACLK connected to ps7_axi_interconnect_0_M_AXI_ACLK:
    CLK_FREQ_HZ = WARNING: no frequency found!
ps7_usb_0.S_AXI_ACLK connected to ps7_axi_interconnect_0_M_AXI_ACLK:
    CLK_FREQ_HZ = WARNING: no frequency found!
ps7_sd_0.S_AXI_ACLK connected to ps7_axi_interconnect_0_M_AXI_ACLK:
    CLK_FREQ_HZ = WARNING: no frequency found!
ps7_ttc_0.S_AXI_ACLK connected to ps7_axi_interconnect_0_M_AXI_ACLK:
    CLK_FREQ_HZ = WARNING: no frequency found!
ps7_gpio_0.S_AXI_ACLK connected to ps7_axi_interconnect_0_M_AXI_ACLK:
    CLK_FREQ_HZ = WARNING: no frequency found!
ps7_ddrc_0.S_AXI_ACLK connected to ps7_axi_interconnect_0_M_AXI_ACLK:
    CLK_FREQ_HZ = WARNING: no frequency found!
ps7_dev_cfg_0.S_AXI_ACLK connected to ps7_axi_interconnect_0_M_AXI_ACLK:
    CLK_FREQ_HZ = WARNING: no frequency found!
ps7_xadc_0.S_AXI_ACLK connected to ps7_axi_interconnect_0_M_AXI_ACLK:
    CLK_FREQ_HZ = WARNING: no frequency found!
ps7_ocmc_0.S_AXI_ACLK connected to ps7_axi_interconnect_0_M_AXI_ACLK:
    CLK_FREQ_HZ = WARNING: no frequency found!
ps7_coresight_comp_0.S_AXI_ACLK connected to ps7_axi_interconnect_0_M_AXI_ACLK:
    CLK_FREQ_HZ = WARNING: no frequency found!
ps7_gpv_0.S_AXI_ACLK connected to ps7_axi_interconnect_0_M_AXI_ACLK:
    CLK_FREQ_HZ = WARNING: no frequency found!
ps7_scuc_0.S_AXI_ACLK connected to ps7_axi_interconnect_0_M_AXI_ACLK:
    CLK_FREQ_HZ = WARNING: no frequency found!
ps7_globaltimer_0.S_AXI_ACLK connected to ps7_axi_interconnect_0_M_AXI_ACLK:
    CLK_FREQ_HZ = WARNING: no frequency found!
ps7_intc_dist_0.S_AXI_ACLK connected to ps7_axi_interconnect_0_M_AXI_ACLK:
    CLK_FREQ_HZ = WARNING: no frequency found!
ps7_l2cachec_0.S_AXI_ACLK connected to ps7_axi_interconnect_0_M_AXI_ACLK:
    CLK_FREQ_HZ = WARNING: no frequency found!
ps7_dma_s.S_AXI_ACLK connected to ps7_axi_interconnect_0_M_AXI_ACLK:
    CLK_FREQ_HZ = WARNING: no frequency found!
ps7_iop_bus_config_0.S_AXI_ACLK connected to ps7_axi_interconnect_0_M_AXI_ACLK:
    CLK_FREQ_HZ = WARNING: no frequency found!
ps7_ram_0.S_AXI_ACLK connected to ps7_axi_interconnect_0_M_AXI_ACLK:
    CLK_FREQ_HZ = WARNING: no frequency found!
ps7_ram_1.S_AXI_ACLK connected to ps7_axi_interconnect_0_M_AXI_ACLK:
    CLK_FREQ_HZ = WARNING: no frequency found!
ps7_scugic_0.S_AXI_ACLK connected to ps7_axi_interconnect_0_M_AXI_ACLK:
    CLK_FREQ_HZ = WARNING: no frequency found!
ps7_scutimer_0.S_AXI_ACLK connected to ps7_axi_interconnect_0_M_AXI_ACLK:
    CLK_FREQ_HZ = WARNING: no frequency found!
ps7_scuwdt_0.S_AXI_ACLK connected to ps7_axi_interconnect_0_M_AXI_ACLK:
    CLK_FREQ_HZ = WARNING: no frequency found!
ps7_slcr_0.S_AXI_ACLK connected to ps7_axi_interconnect_0_M_AXI_ACLK:
    CLK_FREQ_HZ = WARNING: no frequency found!
ps7_dma_ns.S_AXI_ACLK connected to ps7_axi_interconnect_0_M_AXI_ACLK:
    CLK_FREQ_HZ = WARNING: no frequency found!
ps7_afi_0.S_AXI_ACLK connected to ps7_axi_interconnect_0_M_AXI_ACLK:
    CLK_FREQ_HZ = WARNING: no frequency found!
ps7_afi_1.S_AXI_ACLK connected to ps7_axi_interconnect_0_M_AXI_ACLK:
    CLK_FREQ_HZ = WARNING: no frequency found!
ps7_afi_2.S_AXI_ACLK connected to ps7_axi_interconnect_0_M_AXI_ACLK:
    CLK_FREQ_HZ = WARNING: no frequency found!
ps7_afi_3.S_AXI_ACLK connected to ps7_axi_interconnect_0_M_AXI_ACLK:
    CLK_FREQ_HZ = WARNING: no frequency found!
IP connected to bus: ps7_axi_interconnect_0
-master M_AXI_DP ps7_axi_interconnect_0 ps7_cortexa9_0
-master M_AXI_DP ps7_axi_interconnect_0 ps7_cortexa9_1
-slave S_AXI ps7_axi_interconnect_0 ps7_uart_1
-slave S_AXI ps7_axi_interconnect_0 ps7_qspi_0
-slave S_AXI ps7_axi_interconnect_0 ps7_qspi_linear_0
-slave S_AXI ps7_axi_interconnect_0 ps7_ethernet_0
-slave S_AXI ps7_axi_interconnect_0 ps7_usb_0
-slave S_AXI ps7_axi_interconnect_0 ps7_sd_0
-slave S_AXI ps7_axi_interconnect_0 ps7_ttc_0
-slave S_AXI ps7_axi_interconnect_0 ps7_gpio_0
-slave S_AXI ps7_axi_interconnect_0 ps7_ddrc_0
-slave S_AXI ps7_axi_interconnect_0 ps7_dev_cfg_0
-slave S_AXI ps7_axi_interconnect_0 ps7_xadc_0
-slave S_AXI ps7_axi_interconnect_0 ps7_ocmc_0
-slave S_AXI ps7_axi_interconnect_0 ps7_coresight_comp_0
-slave S_AXI ps7_axi_interconnect_0 ps7_gpv_0
-slave S_AXI ps7_axi_interconnect_0 ps7_scuc_0
-slave S_AXI ps7_axi_interconnect_0 ps7_globaltimer_0
-slave S_AXI ps7_axi_interconnect_0 ps7_intc_dist_0
-slave S_AXI ps7_axi_interconnect_0 ps7_l2cachec_0
-slave S_AXI ps7_axi_interconnect_0 ps7_dma_s
-slave S_AXI ps7_axi_interconnect_0 ps7_iop_bus_config_0
-slave S_AXI ps7_axi_interconnect_0 ps7_ram_1
-slave S_AXI ps7_axi_interconnect_0 ps7_scugic_0
-slave S_AXI ps7_axi_interconnect_0 ps7_scutimer_0
-slave S_AXI ps7_axi_interconnect_0 ps7_scuwdt_0
-slave S_AXI ps7_axi_interconnect_0 ps7_slcr_0
-slave S_AXI ps7_axi_interconnect_0 ps7_dma_ns
-slave S_AXI ps7_axi_interconnect_0 ps7_afi_0
-slave S_AXI ps7_axi_interconnect_0 ps7_afi_1
-slave S_AXI ps7_axi_interconnect_0 ps7_afi_2
-slave S_AXI ps7_axi_interconnect_0 ps7_afi_3
-slave axi_dma_0
-slave init_dma_1
-slave ps7_afi_0
IP 53742448 ps7_afi_0 is already appended - skip it
-slave ps7_afi_1
IP 53742848 ps7_afi_1 is already appended - skip it
-slave ps7_afi_2
IP 53743248 ps7_afi_2 is already appended - skip it
-slave ps7_afi_3
IP 53743648 ps7_afi_3 is already appended - skip it
-slave ps7_coresight_comp_0
IP 53736448 ps7_coresight_comp_0 is already appended - skip it
-slave ps7_ddr_0
-slave ps7_ddrc_0
IP 54060416 ps7_ddrc_0 is already appended - skip it
-slave ps7_dev_cfg_0
IP 53735248 ps7_dev_cfg_0 is already appended - skip it
-slave ps7_dma_ns
-slave ps7_dma_s
IP 53738848 ps7_dma_s is already appended - skip it
-slave ps7_ethernet_0
IP 54058416 ps7_ethernet_0 is already appended - skip it
-slave ps7_globaltimer_0
IP 53737648 ps7_globaltimer_0 is already appended - skip it
-slave ps7_gpio_0
IP 54060016 ps7_gpio_0 is already appended - skip it
-slave ps7_gpv_0
IP 53736848 ps7_gpv_0 is already appended - skip it
-slave ps7_intc_dist_0
IP 53738048 ps7_intc_dist_0 is already appended - skip it
-slave ps7_iop_bus_config_0
IP 53739248 ps7_iop_bus_config_0 is already appended - skip it
-slave ps7_l2cachec_0
IP 53738448 ps7_l2cachec_0 is already appended - skip it
-slave ps7_ocmc_0
IP 53736048 ps7_ocmc_0 is already appended - skip it
-slave ps7_qspi_0
IP 54056416 ps7_qspi_0 is already appended - skip it
-slave ps7_qspi_linear_0
IP 54056816 ps7_qspi_linear_0 is already appended - skip it
-slave ps7_ram_0
-slave ps7_ram_1
IP 53740048 ps7_ram_1 is already appended - skip it
-slave ps7_scuc_0
IP 53737248 ps7_scuc_0 is already appended - skip it
-slave ps7_scugic_0
IP 53740448 ps7_scugic_0 is already appended - skip it
-slave ps7_scutimer_0
IP 53740848 ps7_scutimer_0 is already appended - skip it
-slave ps7_scuwdt_0
IP 53741248 ps7_scuwdt_0 is already appended - skip it
-slave ps7_sd_0
IP 54059216 ps7_sd_0 is already appended - skip it
-slave ps7_slcr_0
IP 53741648 ps7_slcr_0 is already appended - skip it
-slave ps7_ttc_0
IP 54059616 ps7_ttc_0 is already appended - skip it
-slave ps7_uart_1
IP 54056016 ps7_uart_1 is already appended - skip it
-slave ps7_usb_0
IP 54058816 ps7_usb_0 is already appended - skip it
-slave ps7_xadc_0
IP 53735648 ps7_xadc_0 is already appended - skip it
ps7_ocmc_0
ps7_coresight_comp_0
ps7_gpv_0
ps7_scuc_0
ps7_globaltimer_0
ps7_intc_dist_0
ps7_l2cachec_0
ps7_afi_0
ps7_afi_1
ps7_afi_2
ps7_afi_3
START DMA
1
2
init_dma_1
{serial1 aliasref ps7_uart_1 1} {spi0 aliasref ps7_qspi_0 0} {ethernet0 aliasref
ps7_ethernet_0 0}
WARNING:EDK - : no console ip was specified.  This may prevent output from
   appearing on the boot console.

Running post_generate.
Running execs_generate.
Finished building libraries

11:41:25 Build Finished (took 1s.568ms)

