16:29:46 **** Auto Build of project fsbl_bsp ****
make -k all 
libgen -hw ../hw_platform_0/system.xml\
	       -lp /home/vladimir/Z/zedboard\
	       -pe ps7_cortexa9_0 \
	       -log libgen.log \
	       system.mss
libgen
Xilinx EDK 14.7 Build EDK_P.20131013
Copyright (c) 1995-2012 Xilinx, Inc.  All rights reserved.

Command Line: libgen -hw ../hw_platform_0/system.xml -lp
/home/vladimir/Z/zedboard -pe ps7_cortexa9_0 -log libgen.log system.mss 


Staging source files.
Running DRCs.
Running generate.
Running post_generate.
Running include - 'gmake -s include "COMPILER=arm-xilinx-eabi-gcc"
"ARCHIVER=arm-xilinx-eabi-ar" "COMPILER_FLAGS= -O2 -c"
"EXTRA_COMPILER_FLAGS=-g"'.

Running libs - 'gmake -s libs "COMPILER=arm-xilinx-eabi-gcc"
"ARCHIVER=arm-xilinx-eabi-ar" "COMPILER_FLAGS= -O2 -c"
"EXTRA_COMPILER_FLAGS=-g"'.
Compiling common
arm-xilinx-eabi-ar: creating ../../../lib/libxil.a
Compiling standalone
Compiling axidma
Compiling devcfg
Compiling dmaps
Compiling emacps
Compiling gpiops
Compiling qspips
Compiling scugic
Compiling scutimer
Compiling scuwdt
Compiling ttcps
Compiling uartps
Compiling usbps
Compiling xadcps
Compiling cpu_cortexa9
Running execs_generate.
Finished building libraries

16:29:58 Build Finished (took 11s.783ms)

